<?xml version="1.0" encoding="UTF-8"?><testsuite errors="1" failures="0" name="HU-001 Buscador Home Center" skipped="0" tests="1" time="22.41" timestamp="2021-12-09 12:04:28"><testcase name="Buscar productos"><error message="Arity mismatch: Step Definition 'stepsDefinitions.HomeCenterBuscadorStepDefinitions.busqueElProducto(String) in file:/C:/PrimerReto/build/classes/java/test/' with pattern [^busque el producto$] is declared with 1 parameters. However, the gherkin step has 0 arguments []. &#10;Step text: busque el producto" type="cucumber.runtime.CucumberException">Arity mismatch: Step Definition 'stepsDefinitions.HomeCenterBuscadorStepDefinitions.busqueElProducto(String) in file:/C:/PrimerReto/build/classes/java/test/' with pattern [^busque el producto$] is declared with 1 parameters. However, the gherkin step has 0 arguments []. 
Step text: busque el producto</error><system-err>Arity mismatch: Step Definition 'stepsDefinitions.HomeCenterBuscadorStepDefinitions.busqueElProducto(String) in file:/C:/PrimerReto/build/classes/java/test/' with pattern [^busque el producto$] is declared with 1 parameters. However, the gherkin step has 0 arguments []. 
Step text: busque el producto&#13;
cucumber.runner.Runner.runPickle(Runner.java:80)&#13;
</system-err></testcase></testsuite>